<?xml version="1.0" encoding="UTF-8"?>
<testsuite xmlns:xsi="http://www.w3.org/2001/XMLSchema-instance" xsi:noNamespaceSchemaLocation="https://maven.apache.org/surefire/maven-surefire-plugin/xsd/surefire-test-report-3.0.xsd" version="3.0" name="com.esprit.examen.services.FactureServiceImplTest" time="20.875" tests="1" errors="0" skipped="0" failures="0">
  <properties>
[...]
</properties>
  <testcase name="testAddFacture" classname="com.esprit.examen.services.FactureServiceImplTest" time="0.806">
    <system-out><![CDATA[22:12:51.702 [main] DEBUG org.springframework.test.context.junit4.SpringJUnit4ClassRunner - SpringJUnit4ClassRunner constructor called with [class com.esprit.examen.services.FactureServiceImplTest]
22:12:51.713 [main] DEBUG org.springframework.test.context.BootstrapUtils - Instantiating CacheAwareContextLoaderDelegate from class [org.springframework.test.context.cache.DefaultCacheAwareContextLoaderDelegate]
22:12:51.740 [main] DEBUG org.springframework.test.context.BootstrapUtils - Instantiating BootstrapContext using constructor [public org.springframework.test.context.support.DefaultBootstrapContext(java.lang.Class,org.springframework.test.context.CacheAwareContextLoaderDelegate)]
22:12:51.871 [main] DEBUG org.springframework.test.context.BootstrapUtils - Instantiating TestContextBootstrapper for test class [com.esprit.examen.services.FactureServiceImplTest] from class [org.springframework.boot.test.context.SpringBootTestContextBootstrapper]
22:12:51.926 [main] INFO org.springframework.boot.test.context.SpringBootTestContextBootstrapper - Neither @ContextConfiguration nor @ContextHierarchy found for test class [com.esprit.examen.services.FactureServiceImplTest], using SpringBootContextLoader
22:12:51.942 [main] DEBUG org.springframework.test.context.support.AbstractContextLoader - Did not detect default resource location for test class [com.esprit.examen.services.FactureServiceImplTest]: class path resource [com/esprit/examen/services/FactureServiceImplTest-context.xml] does not exist
22:12:51.944 [main] DEBUG org.springframework.test.context.support.AbstractContextLoader - Did not detect default resource location for test class [com.esprit.examen.services.FactureServiceImplTest]: class path resource [com/esprit/examen/services/FactureServiceImplTestContext.groovy] does not exist
22:12:51.945 [main] INFO org.springframework.test.context.support.AbstractContextLoader - Could not detect default resource locations for test class [com.esprit.examen.services.FactureServiceImplTest]: no resource found for suffixes {-context.xml, Context.groovy}.
22:12:51.948 [main] INFO org.springframework.test.context.support.AnnotationConfigContextLoaderUtils - Could not detect default configuration classes for test class [com.esprit.examen.services.FactureServiceImplTest]: FactureServiceImplTest does not declare any static, non-private, non-final, nested classes annotated with @Configuration.
22:12:52.153 [main] DEBUG org.springframework.test.context.support.ActiveProfilesUtils - Could not find an 'annotation declaring class' for annotation type [org.springframework.test.context.ActiveProfiles] and class [com.esprit.examen.services.FactureServiceImplTest]
22:12:52.436 [main] DEBUG org.springframework.context.annotation.ClassPathScanningCandidateComponentProvider - Identified candidate component class: file [C:\Users\ahmed\Desktop\DEV\ProjectDevOps\target\classes\com\esprit\examen\TpAchatProjectApplication.class]
22:12:52.439 [main] INFO org.springframework.boot.test.context.SpringBootTestContextBootstrapper - Found @SpringBootConfiguration com.esprit.examen.TpAchatProjectApplication for test class com.esprit.examen.services.FactureServiceImplTest
22:12:52.751 [main] DEBUG org.springframework.boot.test.context.SpringBootTestContextBootstrapper - @TestExecutionListeners is not present for class [com.esprit.examen.services.FactureServiceImplTest]: using defaults.
22:12:52.752 [main] INFO org.springframework.boot.test.context.SpringBootTestContextBootstrapper - Loaded default TestExecutionListener class names from location [META-INF/spring.factories]: [org.springframework.boot.test.mock.mockito.MockitoTestExecutionListener, org.springframework.boot.test.mock.mockito.ResetMocksTestExecutionListener, org.springframework.boot.test.autoconfigure.restdocs.RestDocsTestExecutionListener, org.springframework.boot.test.autoconfigure.web.client.MockRestServiceServerResetTestExecutionListener, org.springframework.boot.test.autoconfigure.web.servlet.MockMvcPrintOnlyOnFailureTestExecutionListener, org.springframework.boot.test.autoconfigure.web.servlet.WebDriverTestExecutionListener, org.springframework.boot.test.autoconfigure.webservices.client.MockWebServiceServerTestExecutionListener, org.springframework.test.context.web.ServletTestExecutionListener, org.springframework.test.context.support.DirtiesContextBeforeModesTestExecutionListener, org.springframework.test.context.event.ApplicationEventsTestExecutionListener, org.springframework.test.context.support.DependencyInjectionTestExecutionListener, org.springframework.test.context.support.DirtiesContextTestExecutionListener, org.springframework.test.context.transaction.TransactionalTestExecutionListener, org.springframework.test.context.jdbc.SqlScriptsTestExecutionListener, org.springframework.test.context.event.EventPublishingTestExecutionListener]
22:12:52.808 [main] INFO org.springframework.boot.test.context.SpringBootTestContextBootstrapper - Using TestExecutionListeners: [org.springframework.test.context.web.ServletTestExecutionListener@72cc7e6f, org.springframework.test.context.support.DirtiesContextBeforeModesTestExecutionListener@5afa3c9, org.springframework.test.context.event.ApplicationEventsTestExecutionListener@72035809, org.springframework.boot.test.mock.mockito.MockitoTestExecutionListener@909217e, org.springframework.boot.test.autoconfigure.SpringBootDependencyInjectionTestExecutionListener@18271936, org.springframework.test.context.support.DirtiesContextTestExecutionListener@606e4010, org.springframework.test.context.transaction.TransactionalTestExecutionListener@8458f04, org.springframework.test.context.jdbc.SqlScriptsTestExecutionListener@48075da3, org.springframework.test.context.event.EventPublishingTestExecutionListener@68c9133c, org.springframework.boot.test.mock.mockito.ResetMocksTestExecutionListener@7a35b0f5, org.springframework.boot.test.autoconfigure.restdocs.RestDocsTestExecutionListener@5e2c3d18, org.springframework.boot.test.autoconfigure.web.client.MockRestServiceServerResetTestExecutionListener@2cb4893b, org.springframework.boot.test.autoconfigure.web.servlet.MockMvcPrintOnlyOnFailureTestExecutionListener@cc43f62, org.springframework.boot.test.autoconfigure.web.servlet.WebDriverTestExecutionListener@5b218417, org.springframework.boot.test.autoconfigure.webservices.client.MockWebServiceServerTestExecutionListener@645aa696]
22:12:52.813 [main] DEBUG org.springframework.test.annotation.ProfileValueUtils - Retrieved @ProfileValueSourceConfiguration [null] for test class [com.esprit.examen.services.FactureServiceImplTest]
22:12:52.816 [main] DEBUG org.springframework.test.annotation.ProfileValueUtils - Retrieved ProfileValueSource type [class org.springframework.test.annotation.SystemProfileValueSource] for class [com.esprit.examen.services.FactureServiceImplTest]
22:12:52.819 [main] DEBUG org.springframework.test.annotation.ProfileValueUtils - Retrieved @ProfileValueSourceConfiguration [null] for test class [com.esprit.examen.services.FactureServiceImplTest]
22:12:52.820 [main] DEBUG org.springframework.test.annotation.ProfileValueUtils - Retrieved ProfileValueSource type [class org.springframework.test.annotation.SystemProfileValueSource] for class [com.esprit.examen.services.FactureServiceImplTest]
22:12:52.828 [main] DEBUG org.springframework.test.annotation.ProfileValueUtils - Retrieved @ProfileValueSourceConfiguration [null] for test class [com.esprit.examen.services.FactureServiceImplTest]
22:12:52.828 [main] DEBUG org.springframework.test.annotation.ProfileValueUtils - Retrieved ProfileValueSource type [class org.springframework.test.annotation.SystemProfileValueSource] for class [com.esprit.examen.services.FactureServiceImplTest]
22:12:52.914 [main] DEBUG org.springframework.test.context.junit4.SpringJUnit4ClassRunner - SpringJUnit4ClassRunner constructor called with [class com.esprit.examen.services.StockServiceImplTest]
22:12:52.915 [main] DEBUG org.springframework.test.context.BootstrapUtils - Instantiating CacheAwareContextLoaderDelegate from class [org.springframework.test.context.cache.DefaultCacheAwareContextLoaderDelegate]
22:12:52.916 [main] DEBUG org.springframework.test.context.BootstrapUtils - Instantiating BootstrapContext using constructor [public org.springframework.test.context.support.DefaultBootstrapContext(java.lang.Class,org.springframework.test.context.CacheAwareContextLoaderDelegate)]
22:12:52.918 [main] DEBUG org.springframework.test.context.BootstrapUtils - Instantiating TestContextBootstrapper for test class [com.esprit.examen.services.StockServiceImplTest] from class [org.springframework.boot.test.context.SpringBootTestContextBootstrapper]
22:12:52.921 [main] INFO org.springframework.boot.test.context.SpringBootTestContextBootstrapper - Neither @ContextConfiguration nor @ContextHierarchy found for test class [com.esprit.examen.services.StockServiceImplTest], using SpringBootContextLoader
22:12:52.923 [main] DEBUG org.springframework.test.context.support.AbstractContextLoader - Did not detect default resource location for test class [com.esprit.examen.services.StockServiceImplTest]: class path resource [com/esprit/examen/services/StockServiceImplTest-context.xml] does not exist
22:12:52.925 [main] DEBUG org.springframework.test.context.support.AbstractContextLoader - Did not detect default resource location for test class [com.esprit.examen.services.StockServiceImplTest]: class path resource [com/esprit/examen/services/StockServiceImplTestContext.groovy] does not exist
22:12:52.925 [main] INFO org.springframework.test.context.support.AbstractContextLoader - Could not detect default resource locations for test class [com.esprit.examen.services.StockServiceImplTest]: no resource found for suffixes {-context.xml, Context.groovy}.
22:12:52.926 [main] INFO org.springframework.test.context.support.AnnotationConfigContextLoaderUtils - Could not detect default configuration classes for test class [com.esprit.examen.services.StockServiceImplTest]: StockServiceImplTest does not declare any static, non-private, non-final, nested classes annotated with @Configuration.
22:12:52.936 [main] DEBUG org.springframework.test.context.support.ActiveProfilesUtils - Could not find an 'annotation declaring class' for annotation type [org.springframework.test.context.ActiveProfiles] and class [com.esprit.examen.services.StockServiceImplTest]
22:12:52.938 [main] INFO org.springframework.boot.test.context.SpringBootTestContextBootstrapper - Found @SpringBootConfiguration com.esprit.examen.TpAchatProjectApplication for test class com.esprit.examen.services.StockServiceImplTest
22:12:52.948 [main] DEBUG org.springframework.boot.test.context.SpringBootTestContextBootstrapper - @TestExecutionListeners is not present for class [com.esprit.examen.services.StockServiceImplTest]: using defaults.
22:12:52.949 [main] INFO org.springframework.boot.test.context.SpringBootTestContextBootstrapper - Loaded default TestExecutionListener class names from location [META-INF/spring.factories]: [org.springframework.boot.test.mock.mockito.MockitoTestExecutionListener, org.springframework.boot.test.mock.mockito.ResetMocksTestExecutionListener, org.springframework.boot.test.autoconfigure.restdocs.RestDocsTestExecutionListener, org.springframework.boot.test.autoconfigure.web.client.MockRestServiceServerResetTestExecutionListener, org.springframework.boot.test.autoconfigure.web.servlet.MockMvcPrintOnlyOnFailureTestExecutionListener, org.springframework.boot.test.autoconfigure.web.servlet.WebDriverTestExecutionListener, org.springframework.boot.test.autoconfigure.webservices.client.MockWebServiceServerTestExecutionListener, org.springframework.test.context.web.ServletTestExecutionListener, org.springframework.test.context.support.DirtiesContextBeforeModesTestExecutionListener, org.springframework.test.context.event.ApplicationEventsTestExecutionListener, org.springframework.test.context.support.DependencyInjectionTestExecutionListener, org.springframework.test.context.support.DirtiesContextTestExecutionListener, org.springframework.test.context.transaction.TransactionalTestExecutionListener, org.springframework.test.context.jdbc.SqlScriptsTestExecutionListener, org.springframework.test.context.event.EventPublishingTestExecutionListener]
22:12:52.951 [main] INFO org.springframework.boot.test.context.SpringBootTestContextBootstrapper - Using TestExecutionListeners: [org.springframework.test.context.web.ServletTestExecutionListener@f1da57d, org.springframework.test.context.support.DirtiesContextBeforeModesTestExecutionListener@194fad1, org.springframework.test.context.event.ApplicationEventsTestExecutionListener@26abb146, org.springframework.boot.test.mock.mockito.MockitoTestExecutionListener@72c8e7b, org.springframework.boot.test.autoconfigure.SpringBootDependencyInjectionTestExecutionListener@65f8f5ae, org.springframework.test.context.support.DirtiesContextTestExecutionListener@431cd9b2, org.springframework.test.context.transaction.TransactionalTestExecutionListener@38467116, org.springframework.test.context.jdbc.SqlScriptsTestExecutionListener@5b7a7f33, org.springframework.test.context.event.EventPublishingTestExecutionListener@790da477, org.springframework.boot.test.mock.mockito.ResetMocksTestExecutionListener@5c7933ad, org.springframework.boot.test.autoconfigure.restdocs.RestDocsTestExecutionListener@57bc27f5, org.springframework.boot.test.autoconfigure.web.client.MockRestServiceServerResetTestExecutionListener@5fb759d6, org.springframework.boot.test.autoconfigure.web.servlet.MockMvcPrintOnlyOnFailureTestExecutionListener@4b8d604b, org.springframework.boot.test.autoconfigure.web.servlet.WebDriverTestExecutionListener@5e7cd6cc, org.springframework.boot.test.autoconfigure.webservices.client.MockWebServiceServerTestExecutionListener@68c9d179]
22:12:52.953 [main] DEBUG org.springframework.test.annotation.ProfileValueUtils - Retrieved @ProfileValueSourceConfiguration [null] for test class [com.esprit.examen.services.StockServiceImplTest]
22:12:52.954 [main] DEBUG org.springframework.test.annotation.ProfileValueUtils - Retrieved ProfileValueSource type [class org.springframework.test.annotation.SystemProfileValueSource] for class [com.esprit.examen.services.StockServiceImplTest]
22:12:52.955 [main] DEBUG org.springframework.test.annotation.ProfileValueUtils - Retrieved @ProfileValueSourceConfiguration [null] for test class [com.esprit.examen.services.StockServiceImplTest]
22:12:52.957 [main] DEBUG org.springframework.test.annotation.ProfileValueUtils - Retrieved ProfileValueSource type [class org.springframework.test.annotation.SystemProfileValueSource] for class [com.esprit.examen.services.StockServiceImplTest]
22:12:52.958 [main] DEBUG org.springframework.test.annotation.ProfileValueUtils - Retrieved @ProfileValueSourceConfiguration [null] for test class [com.esprit.examen.services.StockServiceImplTest]
22:12:52.959 [main] DEBUG org.springframework.test.annotation.ProfileValueUtils - Retrieved ProfileValueSource type [class org.springframework.test.annotation.SystemProfileValueSource] for class [com.esprit.examen.services.StockServiceImplTest]
22:12:52.980 [main] DEBUG org.springframework.test.context.junit4.SpringJUnit4ClassRunner - SpringJUnit4ClassRunner constructor called with [class com.esprit.examen.services.FactureServiceImplTest]
22:12:52.980 [main] DEBUG org.springframework.test.context.BootstrapUtils - Instantiating CacheAwareContextLoaderDelegate from class [org.springframework.test.context.cache.DefaultCacheAwareContextLoaderDelegate]
22:12:52.981 [main] DEBUG org.springframework.test.context.BootstrapUtils - Instantiating BootstrapContext using constructor [public org.springframework.test.context.support.DefaultBootstrapContext(java.lang.Class,org.springframework.test.context.CacheAwareContextLoaderDelegate)]
22:12:52.984 [main] DEBUG org.springframework.test.context.BootstrapUtils - Instantiating TestContextBootstrapper for test class [com.esprit.examen.services.FactureServiceImplTest] from class [org.springframework.boot.test.context.SpringBootTestContextBootstrapper]
22:12:52.985 [main] INFO org.springframework.boot.test.context.SpringBootTestContextBootstrapper - Neither @ContextConfiguration nor @ContextHierarchy found for test class [com.esprit.examen.services.FactureServiceImplTest], using SpringBootContextLoader
22:12:52.988 [main] DEBUG org.springframework.test.context.support.AbstractContextLoader - Did not detect default resource location for test class [com.esprit.examen.services.FactureServiceImplTest]: class path resource [com/esprit/examen/services/FactureServiceImplTest-context.xml] does not exist
22:12:52.989 [main] DEBUG org.springframework.test.context.support.AbstractContextLoader - Did not detect default resource location for test class [com.esprit.examen.services.FactureServiceImplTest]: class path resource [com/esprit/examen/services/FactureServiceImplTestContext.groovy] does not exist
22:12:52.990 [main] INFO org.springframework.test.context.support.AbstractContextLoader - Could not detect default resource locations for test class [com.esprit.examen.services.FactureServiceImplTest]: no resource found for suffixes {-context.xml, Context.groovy}.
22:12:52.991 [main] INFO org.springframework.test.context.support.AnnotationConfigContextLoaderUtils - Could not detect default configuration classes for test class [com.esprit.examen.services.FactureServiceImplTest]: FactureServiceImplTest does not declare any static, non-private, non-final, nested classes annotated with @Configuration.
22:12:52.999 [main] DEBUG org.springframework.test.context.support.ActiveProfilesUtils - Could not find an 'annotation declaring class' for annotation type [org.springframework.test.context.ActiveProfiles] and class [com.esprit.examen.services.FactureServiceImplTest]
22:12:53.000 [main] INFO org.springframework.boot.test.context.SpringBootTestContextBootstrapper - Found @SpringBootConfiguration com.esprit.examen.TpAchatProjectApplication for test class com.esprit.examen.services.FactureServiceImplTest
22:12:53.011 [main] DEBUG org.springframework.boot.test.context.SpringBootTestContextBootstrapper - @TestExecutionListeners is not present for class [com.esprit.examen.services.FactureServiceImplTest]: using defaults.
22:12:53.011 [main] INFO org.springframework.boot.test.context.SpringBootTestContextBootstrapper - Loaded default TestExecutionListener class names from location [META-INF/spring.factories]: [org.springframework.boot.test.mock.mockito.MockitoTestExecutionListener, org.springframework.boot.test.mock.mockito.ResetMocksTestExecutionListener, org.springframework.boot.test.autoconfigure.restdocs.RestDocsTestExecutionListener, org.springframework.boot.test.autoconfigure.web.client.MockRestServiceServerResetTestExecutionListener, org.springframework.boot.test.autoconfigure.web.servlet.MockMvcPrintOnlyOnFailureTestExecutionListener, org.springframework.boot.test.autoconfigure.web.servlet.WebDriverTestExecutionListener, org.springframework.boot.test.autoconfigure.webservices.client.MockWebServiceServerTestExecutionListener, org.springframework.test.context.web.ServletTestExecutionListener, org.springframework.test.context.support.DirtiesContextBeforeModesTestExecutionListener, org.springframework.test.context.event.ApplicationEventsTestExecutionListener, org.springframework.test.context.support.DependencyInjectionTestExecutionListener, org.springframework.test.context.support.DirtiesContextTestExecutionListener, org.springframework.test.context.transaction.TransactionalTestExecutionListener, org.springframework.test.context.jdbc.SqlScriptsTestExecutionListener, org.springframework.test.context.event.EventPublishingTestExecutionListener]
22:12:53.013 [main] INFO org.springframework.boot.test.context.SpringBootTestContextBootstrapper - Using TestExecutionListeners: [org.springframework.test.context.web.ServletTestExecutionListener@69c81773, org.springframework.test.context.support.DirtiesContextBeforeModesTestExecutionListener@4d14b6c2, org.springframework.test.context.event.ApplicationEventsTestExecutionListener@7e990ed7, org.springframework.boot.test.mock.mockito.MockitoTestExecutionListener@c05fddc, org.springframework.boot.test.autoconfigure.SpringBootDependencyInjectionTestExecutionListener@25df00a0, org.springframework.test.context.support.DirtiesContextTestExecutionListener@4d15107f, org.springframework.test.context.transaction.TransactionalTestExecutionListener@7b4c50bc, org.springframework.test.context.jdbc.SqlScriptsTestExecutionListener@5884a914, org.springframework.test.context.event.EventPublishingTestExecutionListener@50378a4, org.springframework.boot.test.mock.mockito.ResetMocksTestExecutionListener@60f00693, org.springframework.boot.test.autoconfigure.restdocs.RestDocsTestExecutionListener@79207381, org.springframework.boot.test.autoconfigure.web.client.MockRestServiceServerResetTestExecutionListener@491b9b8, org.springframework.boot.test.autoconfigure.web.servlet.MockMvcPrintOnlyOnFailureTestExecutionListener@1a4927d6, org.springframework.boot.test.autoconfigure.web.servlet.WebDriverTestExecutionListener@7a6d7e92, org.springframework.boot.test.autoconfigure.webservices.client.MockWebServiceServerTestExecutionListener@aba625]
22:12:53.015 [main] DEBUG org.springframework.test.annotation.ProfileValueUtils - Retrieved @ProfileValueSourceConfiguration [null] for test class [com.esprit.examen.services.FactureServiceImplTest]
22:12:53.015 [main] DEBUG org.springframework.test.annotation.ProfileValueUtils - Retrieved ProfileValueSource type [class org.springframework.test.annotation.SystemProfileValueSource] for class [com.esprit.examen.services.FactureServiceImplTest]
22:12:53.016 [main] DEBUG org.springframework.test.annotation.ProfileValueUtils - Retrieved @ProfileValueSourceConfiguration [null] for test class [com.esprit.examen.services.FactureServiceImplTest]
22:12:53.016 [main] DEBUG org.springframework.test.annotation.ProfileValueUtils - Retrieved ProfileValueSource type [class org.springframework.test.annotation.SystemProfileValueSource] for class [com.esprit.examen.services.FactureServiceImplTest]
22:12:53.016 [main] DEBUG org.springframework.test.annotation.ProfileValueUtils - Retrieved @ProfileValueSourceConfiguration [null] for test class [com.esprit.examen.services.FactureServiceImplTest]
22:12:53.018 [main] DEBUG org.springframework.test.annotation.ProfileValueUtils - Retrieved ProfileValueSource type [class org.springframework.test.annotation.SystemProfileValueSource] for class [com.esprit.examen.services.FactureServiceImplTest]
22:12:53.020 [main] DEBUG org.springframework.test.context.junit4.SpringJUnit4ClassRunner - SpringJUnit4ClassRunner constructor called with [class com.esprit.examen.services.StockServiceImplTest]
22:12:53.020 [main] DEBUG org.springframework.test.context.BootstrapUtils - Instantiating CacheAwareContextLoaderDelegate from class [org.springframework.test.context.cache.DefaultCacheAwareContextLoaderDelegate]
22:12:53.021 [main] DEBUG org.springframework.test.context.BootstrapUtils - Instantiating BootstrapContext using constructor [public org.springframework.test.context.support.DefaultBootstrapContext(java.lang.Class,org.springframework.test.context.CacheAwareContextLoaderDelegate)]
22:12:53.024 [main] DEBUG org.springframework.test.context.BootstrapUtils - Instantiating TestContextBootstrapper for test class [com.esprit.examen.services.StockServiceImplTest] from class [org.springframework.boot.test.context.SpringBootTestContextBootstrapper]
22:12:53.025 [main] INFO org.springframework.boot.test.context.SpringBootTestContextBootstrapper - Neither @ContextConfiguration nor @ContextHierarchy found for test class [com.esprit.examen.services.StockServiceImplTest], using SpringBootContextLoader
22:12:53.027 [main] DEBUG org.springframework.test.context.support.AbstractContextLoader - Did not detect default resource location for test class [com.esprit.examen.services.StockServiceImplTest]: class path resource [com/esprit/examen/services/StockServiceImplTest-context.xml] does not exist
22:12:53.029 [main] DEBUG org.springframework.test.context.support.AbstractContextLoader - Did not detect default resource location for test class [com.esprit.examen.services.StockServiceImplTest]: class path resource [com/esprit/examen/services/StockServiceImplTestContext.groovy] does not exist
22:12:53.029 [main] INFO org.springframework.test.context.support.AbstractContextLoader - Could not detect default resource locations for test class [com.esprit.examen.services.StockServiceImplTest]: no resource found for suffixes {-context.xml, Context.groovy}.
22:12:53.030 [main] INFO org.springframework.test.context.support.AnnotationConfigContextLoaderUtils - Could not detect default configuration classes for test class [com.esprit.examen.services.StockServiceImplTest]: StockServiceImplTest does not declare any static, non-private, non-final, nested classes annotated with @Configuration.
22:12:53.042 [main] DEBUG org.springframework.test.context.support.ActiveProfilesUtils - Could not find an 'annotation declaring class' for annotation type [org.springframework.test.context.ActiveProfiles] and class [com.esprit.examen.services.StockServiceImplTest]
22:12:53.044 [main] INFO org.springframework.boot.test.context.SpringBootTestContextBootstrapper - Found @SpringBootConfiguration com.esprit.examen.TpAchatProjectApplication for test class com.esprit.examen.services.StockServiceImplTest
22:12:53.052 [main] DEBUG org.springframework.boot.test.context.SpringBootTestContextBootstrapper - @TestExecutionListeners is not present for class [com.esprit.examen.services.StockServiceImplTest]: using defaults.
22:12:53.053 [main] INFO org.springframework.boot.test.context.SpringBootTestContextBootstrapper - Loaded default TestExecutionListener class names from location [META-INF/spring.factories]: [org.springframework.boot.test.mock.mockito.MockitoTestExecutionListener, org.springframework.boot.test.mock.mockito.ResetMocksTestExecutionListener, org.springframework.boot.test.autoconfigure.restdocs.RestDocsTestExecutionListener, org.springframework.boot.test.autoconfigure.web.client.MockRestServiceServerResetTestExecutionListener, org.springframework.boot.test.autoconfigure.web.servlet.MockMvcPrintOnlyOnFailureTestExecutionListener, org.springframework.boot.test.autoconfigure.web.servlet.WebDriverTestExecutionListener, org.springframework.boot.test.autoconfigure.webservices.client.MockWebServiceServerTestExecutionListener, org.springframework.test.context.web.ServletTestExecutionListener, org.springframework.test.context.support.DirtiesContextBeforeModesTestExecutionListener, org.springframework.test.context.event.ApplicationEventsTestExecutionListener, org.springframework.test.context.support.DependencyInjectionTestExecutionListener, org.springframework.test.context.support.DirtiesContextTestExecutionListener, org.springframework.test.context.transaction.TransactionalTestExecutionListener, org.springframework.test.context.jdbc.SqlScriptsTestExecutionListener, org.springframework.test.context.event.EventPublishingTestExecutionListener]
22:12:53.057 [main] INFO org.springframework.boot.test.context.SpringBootTestContextBootstrapper - Using TestExecutionListeners: [org.springframework.test.context.web.ServletTestExecutionListener@5a5a729f, org.springframework.test.context.support.DirtiesContextBeforeModesTestExecutionListener@4b520ea8, org.springframework.test.context.event.ApplicationEventsTestExecutionListener@16150369, org.springframework.boot.test.mock.mockito.MockitoTestExecutionListener@6b09fb41, org.springframework.boot.test.autoconfigure.SpringBootDependencyInjectionTestExecutionListener@624ea235, org.springframework.test.context.support.DirtiesContextTestExecutionListener@3932c79a, org.springframework.test.context.transaction.TransactionalTestExecutionListener@782859e, org.springframework.test.context.jdbc.SqlScriptsTestExecutionListener@23f5b5dc, org.springframework.test.context.event.EventPublishingTestExecutionListener@34bde49d, org.springframework.boot.test.mock.mockito.ResetMocksTestExecutionListener@1b1cfb87, org.springframework.boot.test.autoconfigure.restdocs.RestDocsTestExecutionListener@821330f, org.springframework.boot.test.autoconfigure.web.client.MockRestServiceServerResetTestExecutionListener@6f43c82, org.springframework.boot.test.autoconfigure.web.servlet.MockMvcPrintOnlyOnFailureTestExecutionListener@5db6b9cd, org.springframework.boot.test.autoconfigure.web.servlet.WebDriverTestExecutionListener@210ab13f, org.springframework.boot.test.autoconfigure.webservices.client.MockWebServiceServerTestExecutionListener@20b2475a]
22:12:53.057 [main] DEBUG org.springframework.test.annotation.ProfileValueUtils - Retrieved @ProfileValueSourceConfiguration [null] for test class [com.esprit.examen.services.StockServiceImplTest]
22:12:53.058 [main] DEBUG org.springframework.test.annotation.ProfileValueUtils - Retrieved ProfileValueSource type [class org.springframework.test.annotation.SystemProfileValueSource] for class [com.esprit.examen.services.StockServiceImplTest]
22:12:53.059 [main] DEBUG org.springframework.test.annotation.ProfileValueUtils - Retrieved @ProfileValueSourceConfiguration [null] for test class [com.esprit.examen.services.StockServiceImplTest]
22:12:53.060 [main] DEBUG org.springframework.test.annotation.ProfileValueUtils - Retrieved ProfileValueSource type [class org.springframework.test.annotation.SystemProfileValueSource] for class [com.esprit.examen.services.StockServiceImplTest]
22:12:53.061 [main] DEBUG org.springframework.test.annotation.ProfileValueUtils - Retrieved @ProfileValueSourceConfiguration [null] for test class [com.esprit.examen.services.StockServiceImplTest]
22:12:53.061 [main] DEBUG org.springframework.test.annotation.ProfileValueUtils - Retrieved ProfileValueSource type [class org.springframework.test.annotation.SystemProfileValueSource] for class [com.esprit.examen.services.StockServiceImplTest]
22:12:53.280 [main] DEBUG org.springframework.test.annotation.ProfileValueUtils - Retrieved @ProfileValueSourceConfiguration [null] for test class [com.esprit.examen.services.FactureServiceImplTest]
22:12:53.280 [main] DEBUG org.springframework.test.annotation.ProfileValueUtils - Retrieved ProfileValueSource type [class org.springframework.test.annotation.SystemProfileValueSource] for class [com.esprit.examen.services.FactureServiceImplTest]
22:12:53.295 [main] DEBUG org.springframework.test.annotation.ProfileValueUtils - Retrieved @ProfileValueSourceConfiguration [null] for test class [com.esprit.examen.services.FactureServiceImplTest]
22:12:53.299 [main] DEBUG org.springframework.test.annotation.ProfileValueUtils - Retrieved ProfileValueSource type [class org.springframework.test.annotation.SystemProfileValueSource] for class [com.esprit.examen.services.FactureServiceImplTest]
22:12:53.302 [main] DEBUG org.springframework.test.annotation.ProfileValueUtils - Retrieved @ProfileValueSourceConfiguration [null] for test class [com.esprit.examen.services.FactureServiceImplTest]
22:12:53.302 [main] DEBUG org.springframework.test.annotation.ProfileValueUtils - Retrieved ProfileValueSource type [class org.springframework.test.annotation.SystemProfileValueSource] for class [com.esprit.examen.services.FactureServiceImplTest]
22:12:53.328 [main] DEBUG org.springframework.test.context.support.AbstractDirtiesContextTestExecutionListener - Before test class: context [DefaultTestContext@5456afaa testClass = FactureServiceImplTest, testInstance = [null], testMethod = [null], testException = [null], mergedContextConfiguration = [WebMergedContextConfiguration@6692b6c6 testClass = FactureServiceImplTest, locations = '{}', classes = '{class com.esprit.examen.TpAchatProjectApplication}', contextInitializerClasses = '[]', activeProfiles = '{}', propertySourceLocations = '{}', propertySourceProperties = '{org.springframework.boot.test.context.SpringBootTestContextBootstrapper=true}', contextCustomizers = set[org.springframework.boot.test.context.filter.ExcludeFilterContextCustomizer@1725dc0f, org.springframework.boot.test.json.DuplicateJsonObjectContextCustomizerFactory$DuplicateJsonObjectContextCustomizer@4facf68f, org.springframework.boot.test.mock.mockito.MockitoContextCustomizer@0, org.springframework.boot.test.web.client.TestRestTemplateContextCustomizer@188715b5, org.springframework.boot.test.autoconfigure.actuate.metrics.MetricsExportContextCustomizerFactory$DisableMetricExportContextCustomizer@1dde4cb2, org.springframework.boot.test.autoconfigure.properties.PropertyMappingContextCustomizer@0, org.springframework.boot.test.autoconfigure.web.servlet.WebDriverContextCustomizerFactory$Customizer@42e99e4a, org.springframework.boot.test.context.SpringBootTestArgs@1, org.springframework.boot.test.context.SpringBootTestWebEnvironment@f8c1ddd], resourceBasePath = 'src/main/webapp', contextLoader = 'org.springframework.boot.test.context.SpringBootContextLoader', parent = [null]], attributes = map['org.springframework.test.context.web.ServletTestExecutionListener.activateListener' -> true]], class annotated with @DirtiesContext [false] with mode [null].
22:12:53.335 [main] DEBUG org.springframework.test.annotation.ProfileValueUtils - Retrieved @ProfileValueSourceConfiguration [null] for test class [com.esprit.examen.services.FactureServiceImplTest]
22:12:53.336 [main] DEBUG org.springframework.test.annotation.ProfileValueUtils - Retrieved ProfileValueSource type [class org.springframework.test.annotation.SystemProfileValueSource] for class [com.esprit.examen.services.FactureServiceImplTest]
22:12:53.438 [main] DEBUG org.springframework.test.context.support.TestPropertySourceUtils - Adding inlined properties to environment: {spring.jmx.enabled=false, org.springframework.boot.test.context.SpringBootTestContextBootstrapper=true}

  .   ____          _            __ _ _
 /\\ / ___'_ __ _ _(_)_ __  __ _ \ \ \ \
( ( )\___ | '_ | '_| | '_ \/ _` | \ \ \ \
 \\/  ___)| |_)| | | | | || (_| |  ) ) ) )
  '  |____| .__|_| |_|_| |_\__, | / / / /
 =========|_|==============|___/=/_/_/_/
 :: Spring Boot ::                (v2.5.3)

2022-11-12 22:12:54 - INFO  - com.esprit.examen.services.FactureServiceImplTest - Starting FactureServiceImplTest using Java 1.8.0_60 on LAPTOP-VCM6UFI1 with PID 12276 (started by pc in C:\Users\ahmed\Desktop\DEV\ProjectDevOps)
2022-11-12 22:12:54 - INFO  - com.esprit.examen.services.FactureServiceImplTest - No active profile set, falling back to default profiles: default
2022-11-12 22:12:57 - INFO  - o.s.data.repository.config.RepositoryConfigurationDelegate - Bootstrapping Spring Data JPA repositories in DEFAULT mode.
2022-11-12 22:12:57 - INFO  - o.s.data.repository.config.RepositoryConfigurationDelegate - Finished Spring Data repository scanning in 262 ms. Found 10 JPA repository interfaces.
2022-11-12 22:12:59 - INFO  - org.hibernate.jpa.internal.util.LogHelper - HHH000204: Processing PersistenceUnitInfo [name: default]
2022-11-12 22:13:00 - INFO  - org.hibernate.Version - HHH000412: Hibernate ORM core version 5.4.32.Final
2022-11-12 22:13:00 - INFO  - org.hibernate.annotations.common.Version - HCANN000001: Hibernate Commons Annotations {5.1.2.Final}
2022-11-12 22:13:01 - INFO  - com.zaxxer.hikari.HikariDataSource - HikariPool-1 - Starting...
2022-11-12 22:13:01 - WARN  - com.zaxxer.hikari.util.DriverDataSource - Registered driver with driverClassName=com.mysql.jdbc.Driver was not found, trying direct instantiation.
2022-11-12 22:13:02 - INFO  - com.zaxxer.hikari.HikariDataSource - HikariPool-1 - Start completed.
2022-11-12 22:13:02 - INFO  - org.hibernate.dialect.Dialect - HHH000400: Using dialect: org.hibernate.dialect.MySQL5InnoDBDialect
2022-11-12 22:13:04 - INFO  - o.h.e.transaction.jta.platform.internal.JtaPlatformInitiator - HHH000490: Using JtaPlatform implementation: [org.hibernate.engine.transaction.jta.platform.internal.NoJtaPlatform]
2022-11-12 22:13:04 - INFO  - o.s.orm.jpa.LocalContainerEntityManagerFactoryBean - Initialized JPA EntityManagerFactory for persistence unit 'default'
2022-11-12 22:13:08 - WARN  - o.s.b.a.orm.jpa.JpaBaseConfiguration$JpaWebConfiguration - spring.jpa.open-in-view is enabled by default. Therefore, database queries may be performed during view rendering. Explicitly configure spring.jpa.open-in-view to disable this warning
2022-11-12 22:13:13 - INFO  - com.esprit.examen.services.FactureServiceImplTest - Started FactureServiceImplTest in 19.794 seconds (JVM running for 23.137)
Hibernate: select facture0_.id_facture as id_factu1_3_, facture0_.archivee as archivee2_3_, facture0_.date_creation_facture as date_cre3_3_, facture0_.date_derniere_modification_facture as date_der4_3_, facture0_.fournisseur_id_fournisseur as fourniss7_3_, facture0_.montant_facture as montant_5_3_, facture0_.montant_remise as montant_6_3_ from facture facture0_
2022-11-12 22:13:13 - INFO  - com.esprit.examen.services.FactureServiceImpl -  facture : com.esprit.examen.entities.Facture@2fd8b081
2022-11-12 22:13:13 - INFO  - com.esprit.examen.services.FactureServiceImpl -  facture : com.esprit.examen.entities.Facture@8b1bfdf
2022-11-12 22:13:13 - INFO  - com.esprit.examen.services.FactureServiceImpl -  facture : com.esprit.examen.entities.Facture@95f1422
2022-11-12 22:13:13 - INFO  - com.esprit.examen.services.FactureServiceImpl -  facture : com.esprit.examen.entities.Facture@31b7112d
2022-11-12 22:13:13 - INFO  - com.esprit.examen.services.FactureServiceImpl -  facture : com.esprit.examen.entities.Facture@47fc9ce
2022-11-12 22:13:13 - INFO  - com.esprit.examen.services.FactureServiceImpl -  facture : com.esprit.examen.entities.Facture@1b5d1d9
2022-11-12 22:13:13 - INFO  - com.esprit.examen.services.FactureServiceImpl -  facture : com.esprit.examen.entities.Facture@703a2bc9
2022-11-12 22:13:13 - INFO  - com.esprit.examen.services.FactureServiceImpl -  facture : com.esprit.examen.entities.Facture@790d629a
2022-11-12 22:13:13 - INFO  - com.esprit.examen.services.FactureServiceImpl -  facture : com.esprit.examen.entities.Facture@346e5cc
Hibernate: insert into facture (archivee, date_creation_facture, date_derniere_modification_facture, fournisseur_id_fournisseur, montant_facture, montant_remise) values (?, ?, ?, ?, ?, ?)
Hibernate: select facture0_.id_facture as id_factu1_3_, facture0_.archivee as archivee2_3_, facture0_.date_creation_facture as date_cre3_3_, facture0_.date_derniere_modification_facture as date_der4_3_, facture0_.fournisseur_id_fournisseur as fourniss7_3_, facture0_.montant_facture as montant_5_3_, facture0_.montant_remise as montant_6_3_ from facture facture0_
2022-11-12 22:13:14 - INFO  - com.esprit.examen.services.FactureServiceImpl -  facture : com.esprit.examen.entities.Facture@62871522
2022-11-12 22:13:14 - INFO  - com.esprit.examen.services.FactureServiceImpl -  facture : com.esprit.examen.entities.Facture@7fb9a83c
2022-11-12 22:13:14 - INFO  - com.esprit.examen.services.FactureServiceImpl -  facture : com.esprit.examen.entities.Facture@517d9cd5
2022-11-12 22:13:14 - INFO  - com.esprit.examen.services.FactureServiceImpl -  facture : com.esprit.examen.entities.Facture@5216532a
2022-11-12 22:13:14 - INFO  - com.esprit.examen.services.FactureServiceImpl -  facture : com.esprit.examen.entities.Facture@862624f
2022-11-12 22:13:14 - INFO  - com.esprit.examen.services.FactureServiceImpl -  facture : com.esprit.examen.entities.Facture@78e7b83
2022-11-12 22:13:14 - INFO  - com.esprit.examen.services.FactureServiceImpl -  facture : com.esprit.examen.entities.Facture@6761f75b
2022-11-12 22:13:14 - INFO  - com.esprit.examen.services.FactureServiceImpl -  facture : com.esprit.examen.entities.Facture@7c8a91e2
2022-11-12 22:13:14 - INFO  - com.esprit.examen.services.FactureServiceImpl -  facture : com.esprit.examen.entities.Facture@c7443f
2022-11-12 22:13:14 - INFO  - com.esprit.examen.services.FactureServiceImpl -  facture : com.esprit.examen.entities.Facture@74e175c7
Hibernate: select facture0_.id_facture as id_factu1_3_0_, facture0_.archivee as archivee2_3_0_, facture0_.date_creation_facture as date_cre3_3_0_, facture0_.date_derniere_modification_facture as date_der4_3_0_, facture0_.fournisseur_id_fournisseur as fourniss7_3_0_, facture0_.montant_facture as montant_5_3_0_, facture0_.montant_remise as montant_6_3_0_, fournisseu1_.id_fournisseur as id_fourn1_4_1_, fournisseu1_.categorie_fournisseur as categori2_4_1_, fournisseu1_.code as code3_4_1_, fournisseu1_.detail_fournisseur_id_detail_fournisseur as detail_f5_4_1_, fournisseu1_.libelle as libelle4_4_1_, detailfour2_.id_detail_fournisseur as id_detai1_2_2_, detailfour2_.adresse as adresse2_2_2_, detailfour2_.date_debut_collaboration as date_deb3_2_2_, detailfour2_.email as email4_2_2_, detailfour2_.matricule as matricul5_2_2_ from facture facture0_ left outer join fournisseur fournisseu1_ on facture0_.fournisseur_id_fournisseur=fournisseu1_.id_fournisseur left outer join detail_fournisseur detailfour2_ on fournisseu1_.detail_fournisseur_id_detail_fournisseur=detailfour2_.id_detail_fournisseur where facture0_.id_facture=?
Hibernate: update facture set archivee=1 where id_facture=?
]]></system-out>
    <system-err><![CDATA[SLF4J: Class path contains multiple SLF4J bindings.
SLF4J: Found binding in [jar:file:/C:/Users/ahmed/.m2/repository/ch/qos/logback/logback-classic/1.2.4/logback-classic-1.2.4.jar!/org/slf4j/impl/StaticLoggerBinder.class]
SLF4J: Found binding in [jar:file:/C:/Users/ahmed/.m2/repository/org/slf4j/slf4j-simple/1.7.24/slf4j-simple-1.7.24.jar!/org/slf4j/impl/StaticLoggerBinder.class]
SLF4J: See http://www.slf4j.org/codes.html#multiple_bindings for an explanation.
SLF4J: Actual binding is of type [ch.qos.logback.classic.util.ContextSelectorStaticBinder]
Loading class `com.mysql.jdbc.Driver'. This is deprecated. The new driver class is `com.mysql.cj.jdbc.Driver'. The driver is automatically registered via the SPI and manual loading of the driver class is generally unnecessary.
]]></system-err>
  </testcase>
</testsuite>